<?xml version="1.0" encoding="UTF-8"?>
<!-- Generated by org.testng.reporters.JUnitXMLReporter -->
<testsuite ignored="0" hostname="DESKTOP-CRQS1EA" failures="0" tests="6" name="FacebookApp Test" time="382.699" errors="0" timestamp="01 Jun 2021 12:55:45 GMT">
  <testcase classname="com.facebook.testCases.TC_003_UpdatePost" name="@BeforeClass setUp" time="357.862">
    <failure type="org.openqa.selenium.NoSuchElementException" message="Cannot locate an element using xpath=//*[@class=&amp;apos;hu5pjgll m6k467ps&amp;apos;][25]
For documentation on this error, please visit: https://www.seleniumhq.org/exceptions/no_such_element.html
Build info: version: &amp;apos;3.141.59&amp;apos;, revision: &amp;apos;e82be7d358&amp;apos;, time: &amp;apos;2018-11-14T08:17:03&amp;apos;
System info: host: &amp;apos;DESKTOP-CRQS1EA&amp;apos;, ip: &amp;apos;172.19.201.118&amp;apos;, os.name: &amp;apos;Windows 10&amp;apos;, os.arch: &amp;apos;amd64&amp;apos;, os.version: &amp;apos;10.0&amp;apos;, java.version: &amp;apos;15.0.1&amp;apos;
Driver info: driver.version: RemoteWebDriver">
      <![CDATA[org.openqa.selenium.NoSuchElementException: Cannot locate an element using xpath=//*[@class='hu5pjgll m6k467ps'][25]
For documentation on this error, please visit: https://www.seleniumhq.org/exceptions/no_such_element.html
Build info: version: '3.141.59', revision: 'e82be7d358', time: '2018-11-14T08:17:03'
System info: host: 'DESKTOP-CRQS1EA', ip: '172.19.201.118', os.name: 'Windows 10', os.arch: 'amd64', os.version: '10.0', java.version: '15.0.1'
Driver info: driver.version: RemoteWebDriver
at org.openqa.selenium.remote.RemoteWebDriver.findElement(RemoteWebDriver.java:327)
at org.openqa.selenium.remote.RemoteWebDriver.findElementByXPath(RemoteWebDriver.java:428)
at org.openqa.selenium.By$ByXPath.findElement(By.java:353)
at org.openqa.selenium.remote.RemoteWebDriver.findElement(RemoteWebDriver.java:315)
at org.openqa.selenium.support.pagefactory.DefaultElementLocator.findElement(DefaultElementLocator.java:69)
at org.openqa.selenium.support.pagefactory.internal.LocatingElementHandler.invoke(LocatingElementHandler.java:38)
at com.sun.proxy.$Proxy15.click(Unknown Source)
at com.facebook.pageObjects.UpdatePostPage.homeLinkClick(UpdatePostPage.java:34)
at com.facebook.testCases.TC_003_UpdatePost.setUp(TC_003_UpdatePost.java:35)
... Removed 26 stack frames]]>
    </failure>
  </testcase> <!-- @BeforeClass setUp -->
  <testcase classname="com.crm.qa.base.BaseClass" name="@AfterMethod captureScreen" time="0.0">
    <skipped/>
  </testcase> <!-- @AfterMethod captureScreen -->
  <testcase classname="com.facebook.testCases.TC_001_LoginPageTest" name="loginPageTitleTest" time="0.039"/>
  <testcase classname="com.facebook.testCases.TC_002_CreatePost" name="createPostLinkClick" time="4.827"/>
  <testcase classname="com.facebook.testCases.TC_002_CreatePost" name="postCommentText" time="0.528"/>
  <testcase classname="com.facebook.testCases.TC_002_CreatePost" name="postCommentTextSucess" time="10.298"/>
  <testcase classname="com.facebook.testCases.TC_002_CreatePost" name="verifyHomePageTitle" time="0.006"/>
  <testcase classname="com.facebook.testCases.TC_003_UpdatePost" name="postCommentTextSucess" time="0.0">
    <skipped/>
  </testcase> <!-- postCommentTextSucess -->
</testsuite> <!-- FacebookApp Test -->
