<!DOCTYPE html PUBLIC "-//W3C//DTD XHTML 1.1//EN" "http://www.w3.org/TR/xhtml11/DTD/xhtml11.dtd">
<html xmlns="http://www.w3.org/1999/xhtml">
<head>
<meta http-equiv="content-type" content="text/html; charset=UTF-8"/>
<title>TestNG Report</title>
<style type="text/css">table {margin-bottom:10px;border-collapse:collapse;empty-cells:show}th,td {border:1px solid #009;padding:.25em .5em}th {vertical-align:bottom}td {vertical-align:top}table a {font-weight:bold}.stripe td {background-color: #E6EBF9}.num {text-align:right}.passedodd td {background-color: #3F3}.passedeven td {background-color: #0A0}.skippedodd td {background-color: #DDD}.skippedeven td {background-color: #CCC}.failedodd td,.attn {background-color: #F33}.failedeven td,.stripe .attn {background-color: #D00}.stacktrace {white-space:pre;font-family:monospace}.totop {font-size:85%;text-align:center;border-bottom:2px solid #000}.invisible {display:none}</style>
</head>
<body>
<table>
<tr><th>Test</th><th># Passed</th><th># Skipped</th><th># Failed</th><th>Time (ms)</th><th>Included Groups</th><th>Excluded Groups</th></tr>
<tr><th colspan="7">FaceBookDemo</th></tr>
<tr><td><a href="#t0">FacebookApp Test</a></td><td class="num">5</td><td class="num attn">1</td><td class="num">0</td><td class="num">382,699</td><td></td><td></td></tr>
</table>
<table id='summary'><thead><tr><th>Class</th><th>Method</th><th>Start</th><th>Time (ms)</th></tr></thead><tbody><tr><th colspan="4">FaceBookDemo</th></tr></tbody><tbody id="t0"><tr><th colspan="4">FacebookApp Test &#8212; failed (configuration methods)</th></tr><tr class="failedeven"><td rowspan="1">com.facebook.testCases.TC_003_UpdatePost</td><td><a href="#m0">setUp</a></td><td rowspan="1">1622551787931</td><td rowspan="1">357862</td></tr><tr><th colspan="4">FacebookApp Test &#8212; skipped (configuration methods)</th></tr><tr class="skippedeven"><td rowspan="1">com.facebook.testCases.TC_003_UpdatePost</td><td><a href="#m1">captureScreen</a></td><td rowspan="1">1622552145799</td><td rowspan="1">0</td></tr><tr><th colspan="4">FacebookApp Test &#8212; skipped</th></tr><tr class="skippedeven"><td rowspan="1">com.facebook.testCases.TC_003_UpdatePost</td><td><a href="#m2">postCommentTextSucess</a></td><td rowspan="1">1622552145797</td><td rowspan="1">0</td></tr><tr><th colspan="4">FacebookApp Test &#8212; passed</th></tr><tr class="passedeven"><td rowspan="1">com.facebook.testCases.TC_001_LoginPageTest</td><td><a href="#m3">loginPageTitleTest</a></td><td rowspan="1">1622551766701</td><td rowspan="1">39</td></tr><tr class="passedodd"><td rowspan="4">com.facebook.testCases.TC_002_CreatePost</td><td><a href="#m4">createPostLinkClick</a></td><td rowspan="1">1622551771421</td><td rowspan="1">4827</td></tr><tr class="passedodd"><td><a href="#m5">postCommentText</a></td><td rowspan="1">1622551776250</td><td rowspan="1">528</td></tr><tr class="passedodd"><td><a href="#m6">postCommentTextSucess</a></td><td rowspan="1">1622551776781</td><td rowspan="1">10298</td></tr><tr class="passedodd"><td><a href="#m7">verifyHomePageTitle</a></td><td rowspan="1">1622551787081</td><td rowspan="1">6</td></tr></tbody>
</table>
<h2>FacebookApp Test</h2><h3 id="m0">com.facebook.testCases.TC_003_UpdatePost#setUp</h3><table class="result"><tr><th>Exception</th></tr><tr><td><div class="stacktrace">org.openqa.selenium.NoSuchElementException: Cannot locate an element using xpath=//*[@class=&apos;hu5pjgll m6k467ps&apos;][25]
For documentation on this error, please visit: https://www.seleniumhq.org/exceptions/no_such_element.html
Build info: version: &apos;3.141.59&apos;, revision: &apos;e82be7d358&apos;, time: &apos;2018-11-14T08:17:03&apos;
System info: host: &apos;DESKTOP-CRQS1EA&apos;, ip: &apos;172.19.201.118&apos;, os.name: &apos;Windows 10&apos;, os.arch: &apos;amd64&apos;, os.version: &apos;10.0&apos;, java.version: &apos;15.0.1&apos;
Driver info: driver.version: RemoteWebDriver
	at org.openqa.selenium.remote.RemoteWebDriver.findElement(RemoteWebDriver.java:327)
	at org.openqa.selenium.remote.RemoteWebDriver.findElementByXPath(RemoteWebDriver.java:428)
	at org.openqa.selenium.By$ByXPath.findElement(By.java:353)
	at org.openqa.selenium.remote.RemoteWebDriver.findElement(RemoteWebDriver.java:315)
	at org.openqa.selenium.support.pagefactory.DefaultElementLocator.findElement(DefaultElementLocator.java:69)
	at org.openqa.selenium.support.pagefactory.internal.LocatingElementHandler.invoke(LocatingElementHandler.java:38)
	at com.sun.proxy.$Proxy15.click(Unknown Source)
	at com.facebook.pageObjects.UpdatePostPage.homeLinkClick(UpdatePostPage.java:34)
	at com.facebook.testCases.TC_003_UpdatePost.setUp(TC_003_UpdatePost.java:35)
... Removed 26 stack frames</div></td></tr></table><p class="totop"><a href="#summary">back to summary</a></p>
<h3 id="m1">com.facebook.testCases.TC_003_UpdatePost#captureScreen</h3><table class="result"><tr><th class="invisible"/></tr></table><p class="totop"><a href="#summary">back to summary</a></p>
<h3 id="m2">com.facebook.testCases.TC_003_UpdatePost#postCommentTextSucess</h3><table class="result"><tr><th>Exception</th></tr><tr><td><div class="stacktrace">org.openqa.selenium.NoSuchElementException: Cannot locate an element using xpath=//*[@class=&apos;hu5pjgll m6k467ps&apos;][25]
For documentation on this error, please visit: https://www.seleniumhq.org/exceptions/no_such_element.html
Build info: version: &apos;3.141.59&apos;, revision: &apos;e82be7d358&apos;, time: &apos;2018-11-14T08:17:03&apos;
System info: host: &apos;DESKTOP-CRQS1EA&apos;, ip: &apos;172.19.201.118&apos;, os.name: &apos;Windows 10&apos;, os.arch: &apos;amd64&apos;, os.version: &apos;10.0&apos;, java.version: &apos;15.0.1&apos;
Driver info: driver.version: RemoteWebDriver
	at org.openqa.selenium.remote.RemoteWebDriver.findElement(RemoteWebDriver.java:327)
	at org.openqa.selenium.remote.RemoteWebDriver.findElementByXPath(RemoteWebDriver.java:428)
	at org.openqa.selenium.By$ByXPath.findElement(By.java:353)
	at org.openqa.selenium.remote.RemoteWebDriver.findElement(RemoteWebDriver.java:315)
	at org.openqa.selenium.support.pagefactory.DefaultElementLocator.findElement(DefaultElementLocator.java:69)
	at org.openqa.selenium.support.pagefactory.internal.LocatingElementHandler.invoke(LocatingElementHandler.java:38)
	at com.sun.proxy.$Proxy15.click(Unknown Source)
	at com.facebook.pageObjects.UpdatePostPage.homeLinkClick(UpdatePostPage.java:34)
	at com.facebook.testCases.TC_003_UpdatePost.setUp(TC_003_UpdatePost.java:35)
... Removed 26 stack frames</div></td></tr></table><p class="totop"><a href="#summary">back to summary</a></p>
<h3 id="m3">com.facebook.testCases.TC_001_LoginPageTest#loginPageTitleTest</h3><table class="result"><tr><th class="invisible"/></tr></table><p class="totop"><a href="#summary">back to summary</a></p>
<h3 id="m4">com.facebook.testCases.TC_002_CreatePost#createPostLinkClick</h3><table class="result"><tr><th class="invisible"/></tr></table><p class="totop"><a href="#summary">back to summary</a></p>
<h3 id="m5">com.facebook.testCases.TC_002_CreatePost#postCommentText</h3><table class="result"><tr><th class="invisible"/></tr></table><p class="totop"><a href="#summary">back to summary</a></p>
<h3 id="m6">com.facebook.testCases.TC_002_CreatePost#postCommentTextSucess</h3><table class="result"><tr><th class="invisible"/></tr></table><p class="totop"><a href="#summary">back to summary</a></p>
<h3 id="m7">com.facebook.testCases.TC_002_CreatePost#verifyHomePageTitle</h3><table class="result"><tr><th class="invisible"/></tr></table><p class="totop"><a href="#summary">back to summary</a></p>
</body>
</html>
