<?xml version="1.0" encoding="UTF-8"?>
<testng-results ignored="0" total="6" passed="5" failed="0" skipped="1">
  <reporter-output>
  </reporter-output>
  <suite started-at="2021-06-01T12:49:23Z" name="FaceBookDemo" finished-at="2021-06-01T12:55:45Z" duration-ms="382699">
    <groups>
    </groups>
    <test started-at="2021-06-01T12:49:23Z" name="FacebookApp Test" finished-at="2021-06-01T12:55:45Z" duration-ms="382699">
      <class name="com.facebook.testCases.TC_003_UpdatePost">
        <test-method is-config="true" signature="setUp()[pri:0, instance:com.facebook.testCases.TC_003_UpdatePost@4c15e7fd]" started-at="2021-06-01T12:49:47Z" name="setUp" finished-at="2021-06-01T12:55:45Z" duration-ms="357862" status="FAIL">
          <exception class="org.openqa.selenium.NoSuchElementException">
            <message>
              <![CDATA[Cannot locate an element using xpath=//*[@class='hu5pjgll m6k467ps'][25]
For documentation on this error, please visit: https://www.seleniumhq.org/exceptions/no_such_element.html
Build info: version: '3.141.59', revision: 'e82be7d358', time: '2018-11-14T08:17:03'
System info: host: 'DESKTOP-CRQS1EA', ip: '172.19.201.118', os.name: 'Windows 10', os.arch: 'amd64', os.version: '10.0', java.version: '15.0.1'
Driver info: driver.version: RemoteWebDriver]]>
            </message>
            <full-stacktrace>
              <![CDATA[org.openqa.selenium.NoSuchElementException: Cannot locate an element using xpath=//*[@class='hu5pjgll m6k467ps'][25]
For documentation on this error, please visit: https://www.seleniumhq.org/exceptions/no_such_element.html
Build info: version: '3.141.59', revision: 'e82be7d358', time: '2018-11-14T08:17:03'
System info: host: 'DESKTOP-CRQS1EA', ip: '172.19.201.118', os.name: 'Windows 10', os.arch: 'amd64', os.version: '10.0', java.version: '15.0.1'
Driver info: driver.version: RemoteWebDriver
at org.openqa.selenium.remote.RemoteWebDriver.findElement(RemoteWebDriver.java:327)
at org.openqa.selenium.remote.RemoteWebDriver.findElementByXPath(RemoteWebDriver.java:428)
at org.openqa.selenium.By$ByXPath.findElement(By.java:353)
at org.openqa.selenium.remote.RemoteWebDriver.findElement(RemoteWebDriver.java:315)
at org.openqa.selenium.support.pagefactory.DefaultElementLocator.findElement(DefaultElementLocator.java:69)
at org.openqa.selenium.support.pagefactory.internal.LocatingElementHandler.invoke(LocatingElementHandler.java:38)
at com.sun.proxy.$Proxy15.click(Unknown Source)
at com.facebook.pageObjects.UpdatePostPage.homeLinkClick(UpdatePostPage.java:34)
at com.facebook.testCases.TC_003_UpdatePost.setUp(TC_003_UpdatePost.java:35)
at java.base/jdk.internal.reflect.NativeMethodAccessorImpl.invoke0(Native Method)
at java.base/jdk.internal.reflect.NativeMethodAccessorImpl.invoke(NativeMethodAccessorImpl.java:64)
at java.base/jdk.internal.reflect.DelegatingMethodAccessorImpl.invoke(DelegatingMethodAccessorImpl.java:43)
at java.base/java.lang.reflect.Method.invoke(Method.java:564)
at org.testng.internal.MethodInvocationHelper.invokeMethod(MethodInvocationHelper.java:124)
at org.testng.internal.MethodInvocationHelper.invokeMethodConsideringTimeout(MethodInvocationHelper.java:59)
at org.testng.internal.Invoker.invokeConfigurationMethod(Invoker.java:458)
at org.testng.internal.Invoker.invokeConfigurations(Invoker.java:222)
at org.testng.internal.Invoker.invokeConfigurations(Invoker.java:142)
at org.testng.internal.TestMethodWorker.invokeBeforeClassMethods(TestMethodWorker.java:168)
at org.testng.internal.TestMethodWorker.run(TestMethodWorker.java:105)
at org.testng.TestRunner.privateRun(TestRunner.java:648)
at org.testng.TestRunner.run(TestRunner.java:505)
at org.testng.SuiteRunner.runTest(SuiteRunner.java:455)
at org.testng.SuiteRunner.runSequentially(SuiteRunner.java:450)
at org.testng.SuiteRunner.privateRun(SuiteRunner.java:415)
at org.testng.SuiteRunner.run(SuiteRunner.java:364)
at org.testng.SuiteRunnerWorker.runSuite(SuiteRunnerWorker.java:52)
at org.testng.SuiteRunnerWorker.run(SuiteRunnerWorker.java:84)
at org.testng.TestNG.runSuitesSequentially(TestNG.java:1208)
at org.testng.TestNG.runSuitesLocally(TestNG.java:1137)
at org.testng.TestNG.runSuites(TestNG.java:1049)
at org.testng.TestNG.run(TestNG.java:1017)
at org.testng.remote.AbstractRemoteTestNG.run(AbstractRemoteTestNG.java:115)
at org.testng.remote.RemoteTestNG.initAndRun(RemoteTestNG.java:251)
at org.testng.remote.RemoteTestNG.main(RemoteTestNG.java:77)
]]>
            </full-stacktrace>
          </exception> <!-- org.openqa.selenium.NoSuchElementException -->
          <reporter-output>
          </reporter-output>
        </test-method> <!-- setUp -->
        <test-method signature="postCommentTextSucess()[pri:0, instance:com.facebook.testCases.TC_003_UpdatePost@4c15e7fd]" started-at="2021-06-01T12:55:45Z" name="postCommentTextSucess" finished-at="2021-06-01T12:55:45Z" duration-ms="0" status="SKIP">
          <exception class="org.openqa.selenium.NoSuchElementException">
            <message>
              <![CDATA[Cannot locate an element using xpath=//*[@class='hu5pjgll m6k467ps'][25]
For documentation on this error, please visit: https://www.seleniumhq.org/exceptions/no_such_element.html
Build info: version: '3.141.59', revision: 'e82be7d358', time: '2018-11-14T08:17:03'
System info: host: 'DESKTOP-CRQS1EA', ip: '172.19.201.118', os.name: 'Windows 10', os.arch: 'amd64', os.version: '10.0', java.version: '15.0.1'
Driver info: driver.version: RemoteWebDriver]]>
            </message>
            <full-stacktrace>
              <![CDATA[org.openqa.selenium.NoSuchElementException: Cannot locate an element using xpath=//*[@class='hu5pjgll m6k467ps'][25]
For documentation on this error, please visit: https://www.seleniumhq.org/exceptions/no_such_element.html
Build info: version: '3.141.59', revision: 'e82be7d358', time: '2018-11-14T08:17:03'
System info: host: 'DESKTOP-CRQS1EA', ip: '172.19.201.118', os.name: 'Windows 10', os.arch: 'amd64', os.version: '10.0', java.version: '15.0.1'
Driver info: driver.version: RemoteWebDriver
at org.openqa.selenium.remote.RemoteWebDriver.findElement(RemoteWebDriver.java:327)
at org.openqa.selenium.remote.RemoteWebDriver.findElementByXPath(RemoteWebDriver.java:428)
at org.openqa.selenium.By$ByXPath.findElement(By.java:353)
at org.openqa.selenium.remote.RemoteWebDriver.findElement(RemoteWebDriver.java:315)
at org.openqa.selenium.support.pagefactory.DefaultElementLocator.findElement(DefaultElementLocator.java:69)
at org.openqa.selenium.support.pagefactory.internal.LocatingElementHandler.invoke(LocatingElementHandler.java:38)
at com.sun.proxy.$Proxy15.click(Unknown Source)
at com.facebook.pageObjects.UpdatePostPage.homeLinkClick(UpdatePostPage.java:34)
at com.facebook.testCases.TC_003_UpdatePost.setUp(TC_003_UpdatePost.java:35)
at java.base/jdk.internal.reflect.NativeMethodAccessorImpl.invoke0(Native Method)
at java.base/jdk.internal.reflect.NativeMethodAccessorImpl.invoke(NativeMethodAccessorImpl.java:64)
at java.base/jdk.internal.reflect.DelegatingMethodAccessorImpl.invoke(DelegatingMethodAccessorImpl.java:43)
at java.base/java.lang.reflect.Method.invoke(Method.java:564)
at org.testng.internal.MethodInvocationHelper.invokeMethod(MethodInvocationHelper.java:124)
at org.testng.internal.MethodInvocationHelper.invokeMethodConsideringTimeout(MethodInvocationHelper.java:59)
at org.testng.internal.Invoker.invokeConfigurationMethod(Invoker.java:458)
at org.testng.internal.Invoker.invokeConfigurations(Invoker.java:222)
at org.testng.internal.Invoker.invokeConfigurations(Invoker.java:142)
at org.testng.internal.TestMethodWorker.invokeBeforeClassMethods(TestMethodWorker.java:168)
at org.testng.internal.TestMethodWorker.run(TestMethodWorker.java:105)
at org.testng.TestRunner.privateRun(TestRunner.java:648)
at org.testng.TestRunner.run(TestRunner.java:505)
at org.testng.SuiteRunner.runTest(SuiteRunner.java:455)
at org.testng.SuiteRunner.runSequentially(SuiteRunner.java:450)
at org.testng.SuiteRunner.privateRun(SuiteRunner.java:415)
at org.testng.SuiteRunner.run(SuiteRunner.java:364)
at org.testng.SuiteRunnerWorker.runSuite(SuiteRunnerWorker.java:52)
at org.testng.SuiteRunnerWorker.run(SuiteRunnerWorker.java:84)
at org.testng.TestNG.runSuitesSequentially(TestNG.java:1208)
at org.testng.TestNG.runSuitesLocally(TestNG.java:1137)
at org.testng.TestNG.runSuites(TestNG.java:1049)
at org.testng.TestNG.run(TestNG.java:1017)
at org.testng.remote.AbstractRemoteTestNG.run(AbstractRemoteTestNG.java:115)
at org.testng.remote.RemoteTestNG.initAndRun(RemoteTestNG.java:251)
at org.testng.remote.RemoteTestNG.main(RemoteTestNG.java:77)
]]>
            </full-stacktrace>
          </exception> <!-- org.openqa.selenium.NoSuchElementException -->
          <reporter-output>
          </reporter-output>
        </test-method> <!-- postCommentTextSucess -->
        <test-method is-config="true" signature="captureScreen(org.testng.ITestResult)[pri:0, instance:com.facebook.testCases.TC_003_UpdatePost@4c15e7fd]" started-at="2021-06-01T12:55:45Z" name="captureScreen" finished-at="2021-06-01T12:55:45Z" duration-ms="0" status="SKIP">
          <reporter-output>
          </reporter-output>
        </test-method> <!-- captureScreen -->
      </class> <!-- com.facebook.testCases.TC_003_UpdatePost -->
      <class name="com.facebook.testCases.TC_002_CreatePost">
        <test-method is-config="true" signature="setUp()[pri:0, instance:com.facebook.testCases.TC_002_CreatePost@2133814f]" started-at="2021-06-01T12:49:28Z" name="setUp" finished-at="2021-06-01T12:49:31Z" duration-ms="3218" status="PASS">
          <reporter-output>
          </reporter-output>
        </test-method> <!-- setUp -->
        <test-method signature="createPostLinkClick()[pri:0, instance:com.facebook.testCases.TC_002_CreatePost@2133814f]" started-at="2021-06-01T12:49:31Z" name="createPostLinkClick" finished-at="2021-06-01T12:49:36Z" duration-ms="4827" status="PASS">
          <reporter-output>
          </reporter-output>
        </test-method> <!-- createPostLinkClick -->
        <test-method is-config="true" signature="captureScreen(org.testng.ITestResult)[pri:0, instance:com.facebook.testCases.TC_002_CreatePost@2133814f]" started-at="2021-06-01T12:49:36Z" name="captureScreen" finished-at="2021-06-01T12:49:36Z" duration-ms="1" status="PASS">
          <params>
            <param index="0">
              <value>
                <![CDATA[[TestResult name=createPostLinkClick status=SUCCESS method=TC_002_CreatePost.createPostLinkClick()[pri:0, instance:com.facebook.testCases.TC_002_CreatePost@2133814f] output={null}]]]>
              </value>
            </param>
          </params>
          <reporter-output>
          </reporter-output>
        </test-method> <!-- captureScreen -->
        <test-method signature="postCommentText()[pri:0, instance:com.facebook.testCases.TC_002_CreatePost@2133814f]" started-at="2021-06-01T12:49:36Z" name="postCommentText" finished-at="2021-06-01T12:49:36Z" duration-ms="528" status="PASS">
          <reporter-output>
          </reporter-output>
        </test-method> <!-- postCommentText -->
        <test-method is-config="true" signature="captureScreen(org.testng.ITestResult)[pri:0, instance:com.facebook.testCases.TC_002_CreatePost@2133814f]" started-at="2021-06-01T12:49:36Z" name="captureScreen" finished-at="2021-06-01T12:49:36Z" duration-ms="2" status="PASS">
          <params>
            <param index="0">
              <value>
                <![CDATA[[TestResult name=postCommentText status=SUCCESS method=TC_002_CreatePost.postCommentText()[pri:0, instance:com.facebook.testCases.TC_002_CreatePost@2133814f] output={null}]]]>
              </value>
            </param>
          </params>
          <reporter-output>
          </reporter-output>
        </test-method> <!-- captureScreen -->
        <test-method signature="postCommentTextSucess()[pri:0, instance:com.facebook.testCases.TC_002_CreatePost@2133814f]" started-at="2021-06-01T12:49:36Z" name="postCommentTextSucess" finished-at="2021-06-01T12:49:47Z" duration-ms="10298" status="PASS">
          <reporter-output>
          </reporter-output>
        </test-method> <!-- postCommentTextSucess -->
        <test-method is-config="true" signature="captureScreen(org.testng.ITestResult)[pri:0, instance:com.facebook.testCases.TC_002_CreatePost@2133814f]" started-at="2021-06-01T12:49:47Z" name="captureScreen" finished-at="2021-06-01T12:49:47Z" duration-ms="1" status="PASS">
          <params>
            <param index="0">
              <value>
                <![CDATA[[TestResult name=postCommentTextSucess status=SUCCESS method=TC_002_CreatePost.postCommentTextSucess()[pri:0, instance:com.facebook.testCases.TC_002_CreatePost@2133814f] output={null}]]]>
              </value>
            </param>
          </params>
          <reporter-output>
          </reporter-output>
        </test-method> <!-- captureScreen -->
        <test-method signature="verifyHomePageTitle()[pri:0, instance:com.facebook.testCases.TC_002_CreatePost@2133814f]" started-at="2021-06-01T12:49:47Z" name="verifyHomePageTitle" finished-at="2021-06-01T12:49:47Z" duration-ms="6" status="PASS">
          <reporter-output>
          </reporter-output>
        </test-method> <!-- verifyHomePageTitle -->
        <test-method is-config="true" signature="tearDown()[pri:0, instance:com.facebook.testCases.TC_002_CreatePost@2133814f]" started-at="2021-06-01T12:49:47Z" name="tearDown" finished-at="2021-06-01T12:49:47Z" duration-ms="841" status="PASS">
          <reporter-output>
          </reporter-output>
        </test-method> <!-- tearDown -->
        <test-method is-config="true" signature="captureScreen(org.testng.ITestResult)[pri:0, instance:com.facebook.testCases.TC_002_CreatePost@2133814f]" started-at="2021-06-01T12:49:47Z" name="captureScreen" finished-at="2021-06-01T12:49:47Z" duration-ms="0" status="PASS">
          <params>
            <param index="0">
              <value>
                <![CDATA[[TestResult name=verifyHomePageTitle status=SUCCESS method=TC_002_CreatePost.verifyHomePageTitle()[pri:0, instance:com.facebook.testCases.TC_002_CreatePost@2133814f] output={null}]]]>
              </value>
            </param>
          </params>
          <reporter-output>
          </reporter-output>
        </test-method> <!-- captureScreen -->
      </class> <!-- com.facebook.testCases.TC_002_CreatePost -->
      <class name="com.facebook.testCases.TC_001_LoginPageTest">
        <test-method is-config="true" signature="setUp()[pri:0, instance:com.facebook.testCases.TC_001_LoginPageTest@70be0a2b]" started-at="2021-06-01T12:49:23Z" name="setUp" finished-at="2021-06-01T12:49:26Z" duration-ms="3380" status="PASS">
          <reporter-output>
          </reporter-output>
        </test-method> <!-- setUp -->
        <test-method signature="loginPageTitleTest()[pri:0, instance:com.facebook.testCases.TC_001_LoginPageTest@70be0a2b]" started-at="2021-06-01T12:49:26Z" name="loginPageTitleTest" finished-at="2021-06-01T12:49:26Z" duration-ms="39" status="PASS">
          <reporter-output>
          </reporter-output>
        </test-method> <!-- loginPageTitleTest -->
        <test-method is-config="true" signature="captureScreen(org.testng.ITestResult)[pri:0, instance:com.facebook.testCases.TC_001_LoginPageTest@70be0a2b]" started-at="2021-06-01T12:49:26Z" name="captureScreen" finished-at="2021-06-01T12:49:26Z" duration-ms="2" status="PASS">
          <params>
            <param index="0">
              <value>
                <![CDATA[[TestResult name=loginPageTitleTest status=SUCCESS method=TC_001_LoginPageTest.loginPageTitleTest()[pri:0, instance:com.facebook.testCases.TC_001_LoginPageTest@70be0a2b] output={null}]]]>
              </value>
            </param>
          </params>
          <reporter-output>
          </reporter-output>
        </test-method> <!-- captureScreen -->
        <test-method is-config="true" signature="tearDown()[pri:0, instance:com.facebook.testCases.TC_001_LoginPageTest@70be0a2b]" started-at="2021-06-01T12:49:26Z" name="tearDown" finished-at="2021-06-01T12:49:28Z" duration-ms="1421" status="PASS">
          <reporter-output>
          </reporter-output>
        </test-method> <!-- tearDown -->
      </class> <!-- com.facebook.testCases.TC_001_LoginPageTest -->
    </test> <!-- FacebookApp Test -->
  </suite> <!-- FaceBookDemo -->
</testng-results>
